2023-03-13 23:07:34,367 DEBUG debug message
2023-03-13 23:07:34,367 INFO info message
2023-03-13 23:07:34,367 WARNING warning message
2023-03-13 23:07:34,367 ERROR error message
2023-03-13 23:07:34,368 CRITICAL critical message
2023-03-13 23:10:32,944 DEBUG debug message
2023-03-13 23:10:32,944 INFO info message
2023-03-13 23:10:32,944 WARNING warning message
2023-03-13 23:10:32,945 ERROR error message
2023-03-13 23:10:32,945 CRITICAL critical message
2023-03-13 23:10:32,945 CRITICAL test2
2023-03-13 23:10:38,858 DEBUG debug message
2023-03-13 23:10:38,858 INFO info message
2023-03-13 23:10:38,859 WARNING warning message
2023-03-13 23:10:38,859 ERROR error message
2023-03-13 23:10:38,859 CRITICAL critical message
2023-03-13 23:10:38,859 CRITICAL test2
2023-03-13 23:10:47,140 CRITICAL test2
2023-03-13 23:11:20,008 CRITICAL test2
2023-03-13 23:11:39,272 CRITICAL test3
2023-03-13 23:11:51,741 CRITICAL test2
2023-03-13 23:11:51,741 CRITICAL test3
2023-03-13 23:14:17,723 CRITICAL test2
2023-03-13 23:14:17,723 INFO test3
2023-03-13 23:14:44,984 CRITICAL test2
2023-03-13 23:15:01,722 CRITICAL test2
2023-03-13 23:15:01,723 INFO test3
